\BOOKMARK [0][-]{chapter*.6}{LIST OF FIGURES}{}% 1
\BOOKMARK [0][-]{chapter*.7}{LIST OF TABLES}{}% 2
\BOOKMARK [0][-]{chapter*.8}{ABSTRACT}{}% 3
\BOOKMARK [0][-]{chapter.1}{CHAPTER INTRODUCTION}{}% 4
\BOOKMARK [1][-]{section.1.1}{Systems Of Interest And Coordinate Frame}{chapter.1}% 5
\BOOKMARK [1][-]{section.1.2}{Explicitly Correlated Gaussian Functions}{chapter.1}% 6
\BOOKMARK [1][-]{section.1.3}{General Method Description}{chapter.1}% 7
\BOOKMARK [0][-]{chapter.2}{CHAPTER BORN-OPPENHEIMER CALCULATIONS}{}% 8
\BOOKMARK [1][-]{section.2.1}{Shifted Gaussian Functions}{chapter.2}% 9
\BOOKMARK [1][-]{section.2.2}{Excitation Description}{chapter.2}% 10
\BOOKMARK [1][-]{section.2.3}{Potential Energy Curve And Properties Calculation}{chapter.2}% 11
\BOOKMARK [0][-]{chapter.3}{CHAPTER NON-BORN-OPPENHEIMER CALCULATIONS}{}% 12
\BOOKMARK [1][-]{section.3.1}{}{chapter.3}% 13
\BOOKMARK [1][-]{section.3.2}{}{chapter.3}% 14
\BOOKMARK [1][-]{section.3.3}{}{chapter.3}% 15
\BOOKMARK [0][-]{chapter.4}{CHAPTER PROGRAMMATIC IMPLEMENTATION}{}% 16
\BOOKMARK [1][-]{section.4.1}{}{chapter.4}% 17
\BOOKMARK [1][-]{section.4.2}{}{chapter.4}% 18
\BOOKMARK [1][-]{section.4.3}{}{chapter.4}% 19
\BOOKMARK [0][-]{chapter.5}{CHAPTER FUTURE DIRECTIONS}{}% 20
\BOOKMARK [1][-]{section.5.1}{Muonic Systems}{chapter.5}% 21
\BOOKMARK [1][-]{section.5.2}{Ultra Cold Atoms}{chapter.5}% 22
\BOOKMARK [0][-]{appendix.A}{APPENDIX APPENDIX A: BO Framework Calculations}{}% 23
\BOOKMARK [0][-]{appendix.B}{APPENDIX APPENDIX B: Non-BO Method Development}{}% 24
\BOOKMARK [0][-]{appendix.C}{APPENDIX APPENDIX C: Non-BO Calculations}{}% 25
